TsNew
	 file::tsdevice.cpp 
	 func::TsDevice::GetRefreshRato 
	 line::142
TsDelete
	 file::tsdevice.cpp 
	 func::TsDevice::GetRefreshRato 
	 line::160
TsNew
	 file::tsdevice.cpp 
	 func::TsDevice::CreateDevice 
	 line::83
StaticNameObjectList Add Name Object List 
	 name = "ScreenRenderTargetView" 
	 hash = d4dee2b8
	 file::itsstaticnameobjectlist.h 
	 func::ITsStaticNameObjectList<class TsRenderTarget>::AddObject 
	 line::14
TsNew
	 file::tsdepthstencil.cpp 
	 func::TsDepthStencil::CreateDSV 
	 line::56
StaticNameObjectList Add Name Object List 
	 name = "MainDepthStencil" 
	 hash = 3aa19f2
	 file::itsstaticnameobjectlist.h 
	 func::ITsStaticNameObjectList<class TsDepthStencil>::AddObject 
	 line::14
TsNew
	 file::tsdevice.cpp 
	 func::TsDevice::LoadDefaultShader 
	 line::293
TsNew
	 file::tsbinaryfile.cpp 
	 func::TsBinary::Load 
	 line::44
Load Success -> "Resource/Shader/TsSSDefaultVS.cso"
	 file::tsshaderinl.cpp 
	 func::TsShader<struct ID3D11VertexShader>::LoadFromCSO 
	 line::71
StaticNameObjectList Add Name Object List 
	 name = "TsSSDefaultVS" 
	 hash = 4faa823f
	 file::itsstaticnameobjectlist.h 
	 func::ITsStaticNameObjectList<class TsShader<struct ID3D11VertexShader> >::AddObject 
	 line::14
TsNew
	 file::tswinentrypoint.cpp 
	 func::WinMain 
	 line::14
TsNew
	 file::tswinentrypoint.cpp 
	 func::WinMain 
	 line::15
TsNew
	 file::tsbinaryfile.cpp 
	 func::TsBinary::Load 
	 line::44
Load Success -> "Resource/Shader/TsFWlambertVS.cso"
	 file::tsshaderinl.cpp 
	 func::TsShader<struct ID3D11VertexShader>::LoadFromCSO 
	 line::71
StaticNameObjectList Add Name Object List 
	 name = "TsFWlambertVS" 
	 hash = 8f81912a
	 file::itsstaticnameobjectlist.h 
	 func::ITsStaticNameObjectList<class TsShader<struct ID3D11VertexShader> >::AddObject 
	 line::14
TsNew
	 file::tsbinaryfile.cpp 
	 func::TsBinary::Load 
	 line::44
Load Success -> "Resource/Shader/TsFWlambertPS.cso"
	 file::tsshaderinl.cpp 
	 func::TsShader<struct ID3D11PixelShader>::LoadFromCSO 
	 line::71
StaticNameObjectList Add Name Object List 
	 name = "TsFWlambertPS" 
	 hash = 8f819070
	 file::itsstaticnameobjectlist.h 
	 func::ITsStaticNameObjectList<class TsShader<struct ID3D11PixelShader> >::AddObject 
	 line::14
Load Mqo Fail 
	 file test.mqo 
	 file::tsmqoloader.cpp 
	 func::TsMqoLoader::LoadFromFile 
	 line::25
TsDelete
	 file::tsdevicecontext.cpp 
	 func::TsDeviceContext::~TsDeviceContext 
	 line::18
TsDelete
	 file::tsdevicecontext.cpp 
	 func::TsDeviceContext::~TsDeviceContext 
	 line::19
TsDelete
	 file::tsdevice.cpp 
	 func::TsDevice::UnInit 
	 line::10
