c:\users\勇希\documents\visual studio 2013\projects\tsframework\tsframework\debug\vc120.pdb
c:\users\勇希\documents\visual studio 2013\projects\tsframework\tsframework\debug\vc120.idb
c:\users\勇希\documents\visual studio 2013\projects\tsframework\tsframework\debug\wictextureloader.obj
c:\users\勇希\documents\visual studio 2013\projects\tsframework\tsframework\debug\tsdepthstencil.obj
c:\users\勇希\documents\visual studio 2013\projects\tsframework\tsframework\debug\tsdevice.obj
c:\users\勇希\documents\visual studio 2013\projects\tsframework\tsframework\debug\tsdevicecontext.obj
c:\users\勇希\documents\visual studio 2013\projects\tsframework\tsframework\debug\tsdirectxtex.obj
c:\users\勇希\documents\visual studio 2013\projects\tsframework\tsframework\debug\tsgfxrendersystem.obj
c:\users\勇希\documents\visual studio 2013\projects\tsframework\tsframework\debug\tsrendertarget.obj
c:\users\勇希\documents\visual studio 2013\projects\tsframework\tsframework\debug\tsmatrix.obj
c:\users\勇希\documents\visual studio 2013\projects\tsframework\tsframework\debug\tsquaternion.obj
c:\users\勇希\documents\visual studio 2013\projects\tsframework\tsframework\debug\tstransform.obj
c:\users\勇希\documents\visual studio 2013\projects\tsframework\tsframework\debug\tsvector2.obj
c:\users\勇希\documents\visual studio 2013\projects\tsframework\tsframework\debug\tsvector3.obj
c:\users\勇希\documents\visual studio 2013\projects\tsframework\tsframework\debug\tsvector4.obj
c:\users\勇希\documents\visual studio 2013\projects\tsframework\tsframework\debug\tswindowsutility.obj
c:\users\勇希\documents\visual studio 2013\projects\tsframework\tsframework\debug\tsbinaryfile.obj
c:\users\勇希\documents\visual studio 2013\projects\tsframework\tsframework\debug\tslogger.obj
c:\users\勇希\documents\visual studio 2013\projects\tsframework\tsframework\debug\tsmeshloader.obj
c:\users\勇希\documents\visual studio 2013\projects\tsframework\tsframework\debug\tswinentrypoint.obj
c:\users\勇希\documents\visual studio 2013\projects\tsframework\debug\pixelshader.cso
c:\users\勇希\documents\visual studio 2013\projects\tsframework\debug\tsssblendedgeps.cso
c:\users\勇希\documents\visual studio 2013\projects\tsframework\debug\tssstonemappingps.cso
c:\users\勇希\documents\visual studio 2013\projects\tsframework\debug\tsssaddps.cso
c:\users\勇希\documents\visual studio 2013\projects\tsframework\debug\tsssblendps.cso
c:\users\勇希\documents\visual studio 2013\projects\tsframework\debug\tsssdefaultvs.cso
c:\users\勇希\documents\visual studio 2013\projects\tsframework\debug\tsframework.ilk
c:\users\勇希\documents\visual studio 2013\projects\tsframework\debug\tsframework.exe
c:\users\勇希\documents\visual studio 2013\projects\tsframework\debug\tsframework.pdb
c:\users\勇希\documents\visual studio 2013\projects\tsframework\tsframework\debug\tsframework.tlog\cl.command.1.tlog
c:\users\勇希\documents\visual studio 2013\projects\tsframework\tsframework\debug\tsframework.tlog\cl.read.1.tlog
c:\users\勇希\documents\visual studio 2013\projects\tsframework\tsframework\debug\tsframework.tlog\cl.write.1.tlog
c:\users\勇希\documents\visual studio 2013\projects\tsframework\tsframework\debug\tsframework.tlog\fxc.command.1.tlog
c:\users\勇希\documents\visual studio 2013\projects\tsframework\tsframework\debug\tsframework.tlog\fxc.read.1.tlog
c:\users\勇希\documents\visual studio 2013\projects\tsframework\tsframework\debug\tsframework.tlog\fxc.write.1.tlog
c:\users\勇希\documents\visual studio 2013\projects\tsframework\tsframework\debug\tsframework.tlog\link.command.1.tlog
c:\users\勇希\documents\visual studio 2013\projects\tsframework\tsframework\debug\tsframework.tlog\link.read.1.tlog
c:\users\勇希\documents\visual studio 2013\projects\tsframework\tsframework\debug\tsframework.tlog\link.write.1.tlog
c:\users\勇希\documents\visual studio 2013\projects\tsframework\tsframework\debug\tsframework.tlog\tsframework.write.1u.tlog
